<?xml version="1.0" encoding="UTF-8"?>
<coverage generated="1768832363658" clover="3.2.0">
  <project timestamp="1768832363658" name="All files">
    <metrics statements="147" coveredstatements="139" conditionals="90" coveredconditionals="72" methods="32" coveredmethods="32" elements="269" coveredelements="243" complexity="0" loc="147" ncloc="147" packages="3" files="3" classes="3"/>
    <package name="handshake">
      <metrics statements="74" coveredstatements="68" conditionals="54" coveredconditionals="45" methods="13" coveredmethods="13"/>
      <file name="protocol.ts" path="/home/runner/work/wave-toolkit/wave-toolkit/src/handshake/protocol.ts">
        <metrics statements="74" coveredstatements="68" conditionals="54" coveredconditionals="45" methods="13" coveredmethods="13"/>
        <line num="3" count="1" type="stmt"/>
        <line num="4" count="1" type="stmt"/>
        <line num="9" count="1" type="stmt"/>
        <line num="17" count="27" type="stmt"/>
        <line num="18" count="27" type="stmt"/>
        <line num="33" count="2048" type="stmt"/>
        <line num="35" count="2048" type="stmt"/>
        <line num="48" count="2048" type="stmt"/>
        <line num="51" count="2048" type="stmt"/>
        <line num="53" count="2048" type="stmt"/>
        <line num="60" count="14" type="stmt"/>
        <line num="61" count="14" type="stmt"/>
        <line num="64" count="14" type="cond" truecount="2" falsecount="0"/>
        <line num="65" count="1" type="stmt"/>
        <line num="68" count="14" type="cond" truecount="4" falsecount="0"/>
        <line num="69" count="1" type="stmt"/>
        <line num="72" count="14" type="cond" truecount="4" falsecount="0"/>
        <line num="73" count="1" type="stmt"/>
        <line num="76" count="14" type="cond" truecount="1" falsecount="1"/>
        <line num="77" count="0" type="stmt"/>
        <line num="79" count="14" type="stmt"/>
        <line num="80" count="14" type="cond" truecount="2" falsecount="0"/>
        <line num="81" count="1" type="stmt"/>
        <line num="85" count="14" type="cond" truecount="2" falsecount="0"/>
        <line num="86" count="1" type="stmt"/>
        <line num="89" count="13" type="stmt"/>
        <line num="90" count="13" type="cond" truecount="1" falsecount="1"/>
        <line num="91" count="0" type="stmt"/>
        <line num="95" count="14" type="cond" truecount="2" falsecount="0"/>
        <line num="96" count="1" type="stmt"/>
        <line num="99" count="14" type="cond" truecount="2" falsecount="0"/>
        <line num="100" count="1" type="stmt"/>
        <line num="104" count="14" type="cond" truecount="2" falsecount="0"/>
        <line num="105" count="2" type="cond" truecount="4" falsecount="0"/>
        <line num="106" count="1" type="stmt"/>
        <line num="110" count="14" type="cond" truecount="4" falsecount="0"/>
        <line num="111" count="2" type="stmt"/>
        <line num="115" count="14" type="stmt"/>
        <line num="116" count="14" type="cond" truecount="2" falsecount="0"/>
        <line num="117" count="1" type="stmt"/>
        <line num="120" count="14" type="stmt"/>
        <line num="131" count="9" type="stmt"/>
        <line num="138" count="4" type="stmt"/>
        <line num="140" count="4" type="cond" truecount="2" falsecount="0"/>
        <line num="141" count="1" type="stmt"/>
        <line num="144" count="3" type="stmt"/>
        <line num="147" count="3" type="stmt"/>
        <line num="148" count="3" type="stmt"/>
        <line num="149" count="7" type="stmt"/>
        <line num="150" count="7" type="stmt"/>
        <line num="154" count="3" type="stmt"/>
        <line num="155" count="7" type="stmt"/>
        <line num="156" count="7" type="stmt"/>
        <line num="157" count="7" type="stmt"/>
        <line num="159" count="7" type="stmt"/>
        <line num="163" count="3" type="stmt"/>
        <line num="164" count="7" type="stmt"/>
        <line num="165" count="7" type="stmt"/>
        <line num="166" count="7" type="cond" truecount="1" falsecount="1"/>
        <line num="167" count="7" type="stmt"/>
        <line num="171" count="3" type="stmt"/>
        <line num="185" count="5" type="stmt"/>
        <line num="192" count="2" type="stmt"/>
        <line num="198" count="21" type="stmt"/>
        <line num="202" count="7" type="cond" truecount="4" falsecount="0"/>
        <line num="203" count="3" type="stmt"/>
        <line num="205" count="4" type="stmt"/>
        <line num="209" count="7" type="cond" truecount="2" falsecount="4"/>
        <line num="211" count="3" type="stmt"/>
        <line num="213" count="4" type="stmt"/>
        <line num="215" count="0" type="stmt"/>
        <line num="217" count="0" type="stmt"/>
        <line num="219" count="0" type="stmt"/>
        <line num="221" count="0" type="stmt"/>
      </file>
    </package>
    <package name="integrations">
      <metrics statements="19" coveredstatements="19" conditionals="5" coveredconditionals="4" methods="5" coveredmethods="5"/>
      <file name="ATOMIntegration.ts" path="/home/runner/work/wave-toolkit/wave-toolkit/src/integrations/ATOMIntegration.ts">
        <metrics statements="19" coveredstatements="19" conditionals="5" coveredconditionals="4" methods="5" coveredmethods="5"/>
        <line num="18" count="2" type="stmt"/>
        <line num="22" count="32" type="stmt"/>
        <line num="29" count="2052" type="stmt"/>
        <line num="40" count="2052" type="stmt"/>
        <line num="41" count="2052" type="stmt"/>
        <line num="43" count="2052" type="stmt"/>
        <line num="45" count="2052" type="stmt"/>
        <line num="46" count="2052" type="stmt"/>
        <line num="47" count="2052" type="stmt"/>
        <line num="54" count="3" type="stmt"/>
        <line num="55" count="3" type="stmt"/>
        <line num="57" count="3" type="stmt"/>
        <line num="59" count="3" type="stmt"/>
        <line num="60" count="3" type="stmt"/>
        <line num="61" count="2" type="stmt"/>
        <line num="62" count="2" type="stmt"/>
        <line num="64" count="2" type="cond" truecount="2" falsecount="0"/>
        <line num="65" count="1" type="stmt"/>
        <line num="67" count="1" type="stmt"/>
      </file>
    </package>
    <package name="storage">
      <metrics statements="54" coveredstatements="52" conditionals="31" coveredconditionals="23" methods="14" coveredmethods="14"/>
      <file name="HandoffStorage.ts" path="/home/runner/work/wave-toolkit/wave-toolkit/src/storage/HandoffStorage.ts">
        <metrics statements="54" coveredstatements="52" conditionals="31" coveredconditionals="23" methods="14" coveredmethods="14"/>
        <line num="1" count="1" type="stmt"/>
        <line num="2" count="1" type="stmt"/>
        <line num="9" count="1" type="stmt"/>
        <line num="13" count="27" type="stmt"/>
        <line num="20" count="2069" type="stmt"/>
        <line num="27" count="2065" type="stmt"/>
        <line num="34" count="2048" type="stmt"/>
        <line num="35" count="2048" type="stmt"/>
        <line num="36" count="2048" type="stmt"/>
        <line num="37" count="2048" type="stmt"/>
        <line num="44" count="17" type="stmt"/>
        <line num="46" count="17" type="stmt"/>
        <line num="47" count="17" type="stmt"/>
        <line num="48" count="1032" type="stmt"/>
        <line num="49" count="1032" type="stmt"/>
        <line num="51" count="2" type="cond" truecount="1" falsecount="1"/>
        <line num="52" count="2" type="stmt"/>
        <line num="54" count="0" type="stmt"/>
        <line num="62" count="14" type="stmt"/>
        <line num="64" count="14" type="stmt"/>
        <line num="66" count="14" type="stmt"/>
        <line num="67" count="13" type="cond" truecount="1" falsecount="1"/>
        <line num="69" count="13" type="stmt"/>
        <line num="70" count="13" type="stmt"/>
        <line num="71" count="29" type="stmt"/>
        <line num="73" count="13" type="stmt"/>
        <line num="74" count="26" type="stmt"/>
        <line num="75" count="26" type="cond" truecount="2" falsecount="0"/>
        <line num="76" count="13" type="stmt"/>
        <line num="81" count="1" type="stmt"/>
        <line num="95" count="5" type="stmt"/>
        <line num="97" count="5" type="stmt"/>
        <line num="99" count="5" type="cond" truecount="2" falsecount="0"/>
        <line num="100" count="2" type="stmt"/>
        <line num="103" count="3" type="stmt"/>
        <line num="104" count="3" type="stmt"/>
        <line num="105" count="6" type="cond" truecount="1" falsecount="1"/>
        <line num="106" count="6" type="stmt"/>
        <line num="107" count="6" type="stmt"/>
        <line num="108" count="6" type="stmt"/>
        <line num="113" count="5" type="stmt"/>
        <line num="114" count="18" type="cond" truecount="4" falsecount="0"/>
        <line num="115" count="14" type="cond" truecount="4" falsecount="0"/>
        <line num="116" count="12" type="cond" truecount="4" falsecount="0"/>
        <line num="117" count="9" type="cond" truecount="2" falsecount="2"/>
        <line num="118" count="9" type="cond" truecount="2" falsecount="2"/>
        <line num="119" count="9" type="stmt"/>
        <line num="127" count="2" type="stmt"/>
        <line num="129" count="2" type="stmt"/>
        <line num="130" count="2" type="stmt"/>
        <line num="131" count="2" type="stmt"/>
        <line num="132" count="3" type="stmt"/>
        <line num="133" count="3" type="stmt"/>
        <line num="135" count="0" type="stmt"/>
      </file>
    </package>
  </project>
</coverage>
