{"/home/runner/work/wave-toolkit/wave-toolkit/src/handshake/protocol.ts": {"path":"/home/runner/work/wave-toolkit/wave-toolkit/src/handshake/protocol.ts","statementMap":{"0":{"start":{"line":3,"column":0},"end":{"line":3,"column":59}},"1":{"start":{"line":4,"column":0},"end":{"line":4,"column":66}},"2":{"start":{"line":17,"column":4},"end":{"line":17,"column":50}},"3":{"start":{"line":18,"column":4},"end":{"line":18,"column":56}},"4":{"start":{"line":33,"column":17},"end":{"line":33,"column":47}},"5":{"start":{"line":35,"column":36},"end":{"line":45,"column":6}},"6":{"start":{"line":48,"column":4},"end":{"line":48,"column":42}},"7":{"start":{"line":51,"column":4},"end":{"line":51,"column":50}},"8":{"start":{"line":53,"column":4},"end":{"line":53,"column":18}},"9":{"start":{"line":60,"column":29},"end":{"line":60,"column":31}},"10":{"start":{"line":61,"column":31},"end":{"line":61,"column":33}},"11":{"start":{"line":64,"column":4},"end":{"line":66,"column":5}},"12":{"start":{"line":65,"column":6},"end":{"line":65,"column":43}},"13":{"start":{"line":68,"column":4},"end":{"line":70,"column":5}},"14":{"start":{"line":69,"column":6},"end":{"line":69,"column":43}},"15":{"start":{"line":72,"column":4},"end":{"line":74,"column":5}},"16":{"start":{"line":73,"column":6},"end":{"line":73,"column":41}},"17":{"start":{"line":76,"column":4},"end":{"line":83,"column":5}},"18":{"start":{"line":77,"column":6},"end":{"line":77,"column":39}},"19":{"start":{"line":79,"column":42},"end":{"line":79,"column":83}},"20":{"start":{"line":80,"column":6},"end":{"line":82,"column":7}},"21":{"start":{"line":81,"column":8},"end":{"line":81,"column":54}},"22":{"start":{"line":85,"column":4},"end":{"line":93,"column":5}},"23":{"start":{"line":86,"column":6},"end":{"line":86,"column":43}},"24":{"start":{"line":89,"column":19},"end":{"line":89,"column":45}},"25":{"start":{"line":90,"column":6},"end":{"line":92,"column":7}},"26":{"start":{"line":91,"column":8},"end":{"line":91,"column":48}},"27":{"start":{"line":95,"column":4},"end":{"line":97,"column":5}},"28":{"start":{"line":96,"column":6},"end":{"line":96,"column":45}},"29":{"start":{"line":99,"column":4},"end":{"line":101,"column":5}},"30":{"start":{"line":100,"column":6},"end":{"line":100,"column":43}},"31":{"start":{"line":104,"column":4},"end":{"line":108,"column":5}},"32":{"start":{"line":105,"column":6},"end":{"line":107,"column":7}},"33":{"start":{"line":106,"column":8},"end":{"line":106,"column":68}},"34":{"start":{"line":110,"column":4},"end":{"line":112,"column":5}},"35":{"start":{"line":111,"column":6},"end":{"line":111,"column":70}},"36":{"start":{"line":115,"column":25},"end":{"line":115,"column":69}},"37":{"start":{"line":116,"column":4},"end":{"line":118,"column":5}},"38":{"start":{"line":117,"column":6},"end":{"line":117,"column":51}},"39":{"start":{"line":120,"column":4},"end":{"line":124,"column":6}},"40":{"start":{"line":131,"column":4},"end":{"line":131,"column":53}},"41":{"start":{"line":138,"column":20},"end":{"line":138,"column":57}},"42":{"start":{"line":140,"column":4},"end":{"line":142,"column":5}},"43":{"start":{"line":141,"column":6},"end":{"line":141,"column":54}},"44":{"start":{"line":144,"column":18},"end":{"line":144,"column":30}},"45":{"start":{"line":147,"column":19},"end":{"line":147,"column":36}},"46":{"start":{"line":148,"column":4},"end":{"line":151,"column":7}},"47":{"start":{"line":149,"column":6},"end":{"line":149,"column":30}},"48":{"start":{"line":150,"column":6},"end":{"line":150,"column":28}},"49":{"start":{"line":154,"column":4},"end":{"line":160,"column":7}},"50":{"start":{"line":155,"column":19},"end":{"line":155,"column":58}},"51":{"start":{"line":156,"column":17},"end":{"line":156,"column":54}},"52":{"start":{"line":157,"column":20},"end":{"line":157,"column":75}},"53":{"start":{"line":159,"column":6},"end":{"line":159,"column":51}},"54":{"start":{"line":163,"column":4},"end":{"line":169,"column":7}},"55":{"start":{"line":164,"column":17},"end":{"line":164,"column":54}},"56":{"start":{"line":165,"column":20},"end":{"line":165,"column":51}},"57":{"start":{"line":166,"column":6},"end":{"line":168,"column":7}},"58":{"start":{"line":167,"column":8},"end":{"line":167,"column":46}},"59":{"start":{"line":171,"column":4},"end":{"line":171,"column":19}},"60":{"start":{"line":185,"column":4},"end":{"line":185,"column":53}},"61":{"start":{"line":192,"column":4},"end":{"line":192,"column":47}},"62":{"start":{"line":198,"column":4},"end":{"line":198,"column":46}},"63":{"start":{"line":202,"column":4},"end":{"line":204,"column":5}},"64":{"start":{"line":203,"column":6},"end":{"line":203,"column":44}},"65":{"start":{"line":205,"column":4},"end":{"line":205,"column":17}},"66":{"start":{"line":209,"column":4},"end":{"line":222,"column":5}},"67":{"start":{"line":211,"column":8},"end":{"line":211,"column":62}},"68":{"start":{"line":213,"column":8},"end":{"line":213,"column":62}},"69":{"start":{"line":215,"column":8},"end":{"line":215,"column":62}},"70":{"start":{"line":217,"column":8},"end":{"line":217,"column":62}},"71":{"start":{"line":219,"column":8},"end":{"line":219,"column":62}},"72":{"start":{"line":221,"column":8},"end":{"line":221,"column":20}},"73":{"start":{"line":9,"column":0},"end":{"line":9,"column":13}}},"fnMap":{"0":{"name":"(anonymous_0)","decl":{"start":{"line":13,"column":2},"end":{"line":13,"column":null}},"loc":{"start":{"line":15,"column":40},"end":{"line":19,"column":3}}},"1":{"name":"(anonymous_1)","decl":{"start":{"line":24,"column":2},"end":{"line":24,"column":7}},"loc":{"start":{"line":30,"column":27},"end":{"line":54,"column":3}}},"2":{"name":"(anonymous_2)","decl":{"start":{"line":59,"column":2},"end":{"line":59,"column":7}},"loc":{"start":{"line":59,"column":47},"end":{"line":125,"column":3}}},"3":{"name":"(anonymous_3)","decl":{"start":{"line":130,"column":2},"end":{"line":130,"column":7}},"loc":{"start":{"line":130,"column":41},"end":{"line":132,"column":3}}},"4":{"name":"(anonymous_4)","decl":{"start":{"line":137,"column":2},"end":{"line":137,"column":7}},"loc":{"start":{"line":137,"column":43},"end":{"line":172,"column":3}}},"5":{"name":"(anonymous_5)","decl":{"start":{"line":148,"column":20},"end":{"line":148,"column":21}},"loc":{"start":{"line":148,"column":24},"end":{"line":151,"column":5}}},"6":{"name":"(anonymous_6)","decl":{"start":{"line":154,"column":20},"end":{"line":154,"column":21}},"loc":{"start":{"line":154,"column":38},"end":{"line":160,"column":5}}},"7":{"name":"(anonymous_7)","decl":{"start":{"line":163,"column":20},"end":{"line":163,"column":21}},"loc":{"start":{"line":163,"column":31},"end":{"line":169,"column":5}}},"8":{"name":"(anonymous_8)","decl":{"start":{"line":177,"column":2},"end":{"line":177,"column":7}},"loc":{"start":{"line":184,"column":3},"end":{"line":186,"column":3}}},"9":{"name":"(anonymous_9)","decl":{"start":{"line":191,"column":2},"end":{"line":191,"column":7}},"loc":{"start":{"line":191,"column":22},"end":{"line":193,"column":3}}},"10":{"name":"(anonymous_10)","decl":{"start":{"line":197,"column":10},"end":{"line":197,"column":26}},"loc":{"start":{"line":197,"column":39},"end":{"line":199,"column":3}}},"11":{"name":"(anonymous_11)","decl":{"start":{"line":201,"column":10},"end":{"line":201,"column":23}},"loc":{"start":{"line":201,"column":68},"end":{"line":206,"column":3}}},"12":{"name":"(anonymous_12)","decl":{"start":{"line":208,"column":10},"end":{"line":208,"column":22}},"loc":{"start":{"line":208,"column":42},"end":{"line":223,"column":3}}}},"branchMap":{"0":{"loc":{"start":{"line":14,"column":4},"end":{"line":14,"column":41}},"type":"default-arg","locations":[{"start":{"line":14,"column":25},"end":{"line":14,"column":41}}]},"1":{"loc":{"start":{"line":15,"column":4},"end":{"line":15,"column":40}},"type":"default-arg","locations":[{"start":{"line":15,"column":22},"end":{"line":15,"column":40}}]},"2":{"loc":{"start":{"line":64,"column":4},"end":{"line":66,"column":5}},"type":"if","locations":[{"start":{"line":64,"column":4},"end":{"line":66,"column":5}},{"start":{},"end":{}}]},"3":{"loc":{"start":{"line":68,"column":4},"end":{"line":70,"column":5}},"type":"if","locations":[{"start":{"line":68,"column":4},"end":{"line":70,"column":5}},{"start":{},"end":{}}]},"4":{"loc":{"start":{"line":68,"column":8},"end":{"line":68,"column":59}},"type":"binary-expr","locations":[{"start":{"line":68,"column":8},"end":{"line":68,"column":25}},{"start":{"line":68,"column":29},"end":{"line":68,"column":59}}]},"5":{"loc":{"start":{"line":72,"column":4},"end":{"line":74,"column":5}},"type":"if","locations":[{"start":{"line":72,"column":4},"end":{"line":74,"column":5}},{"start":{},"end":{}}]},"6":{"loc":{"start":{"line":72,"column":8},"end":{"line":72,"column":55}},"type":"binary-expr","locations":[{"start":{"line":72,"column":8},"end":{"line":72,"column":23}},{"start":{"line":72,"column":27},"end":{"line":72,"column":55}}]},"7":{"loc":{"start":{"line":76,"column":4},"end":{"line":83,"column":5}},"type":"if","locations":[{"start":{"line":76,"column":4},"end":{"line":83,"column":5}},{"start":{"line":78,"column":11},"end":{"line":83,"column":5}}]},"8":{"loc":{"start":{"line":80,"column":6},"end":{"line":82,"column":7}},"type":"if","locations":[{"start":{"line":80,"column":6},"end":{"line":82,"column":7}},{"start":{},"end":{}}]},"9":{"loc":{"start":{"line":85,"column":4},"end":{"line":93,"column":5}},"type":"if","locations":[{"start":{"line":85,"column":4},"end":{"line":93,"column":5}},{"start":{"line":87,"column":11},"end":{"line":93,"column":5}}]},"10":{"loc":{"start":{"line":90,"column":6},"end":{"line":92,"column":7}},"type":"if","locations":[{"start":{"line":90,"column":6},"end":{"line":92,"column":7}},{"start":{},"end":{}}]},"11":{"loc":{"start":{"line":95,"column":4},"end":{"line":97,"column":5}},"type":"if","locations":[{"start":{"line":95,"column":4},"end":{"line":97,"column":5}},{"start":{},"end":{}}]},"12":{"loc":{"start":{"line":99,"column":4},"end":{"line":101,"column":5}},"type":"if","locations":[{"start":{"line":99,"column":4},"end":{"line":101,"column":5}},{"start":{},"end":{}}]},"13":{"loc":{"start":{"line":104,"column":4},"end":{"line":108,"column":5}},"type":"if","locations":[{"start":{"line":104,"column":4},"end":{"line":108,"column":5}},{"start":{},"end":{}}]},"14":{"loc":{"start":{"line":105,"column":6},"end":{"line":107,"column":7}},"type":"if","locations":[{"start":{"line":105,"column":6},"end":{"line":107,"column":7}},{"start":{},"end":{}}]},"15":{"loc":{"start":{"line":105,"column":10},"end":{"line":105,"column":66}},"type":"binary-expr","locations":[{"start":{"line":105,"column":10},"end":{"line":105,"column":35}},{"start":{"line":105,"column":39},"end":{"line":105,"column":66}}]},"16":{"loc":{"start":{"line":110,"column":4},"end":{"line":112,"column":5}},"type":"if","locations":[{"start":{"line":110,"column":4},"end":{"line":112,"column":5}},{"start":{},"end":{}}]},"17":{"loc":{"start":{"line":110,"column":8},"end":{"line":110,"column":70}},"type":"binary-expr","locations":[{"start":{"line":110,"column":8},"end":{"line":110,"column":31}},{"start":{"line":110,"column":35},"end":{"line":110,"column":70}}]},"18":{"loc":{"start":{"line":116,"column":4},"end":{"line":118,"column":5}},"type":"if","locations":[{"start":{"line":116,"column":4},"end":{"line":118,"column":5}},{"start":{},"end":{}}]},"19":{"loc":{"start":{"line":122,"column":14},"end":{"line":122,"column":52}},"type":"cond-expr","locations":[{"start":{"line":122,"column":34},"end":{"line":122,"column":40}},{"start":{"line":122,"column":43},"end":{"line":122,"column":52}}]},"20":{"loc":{"start":{"line":123,"column":16},"end":{"line":123,"column":58}},"type":"cond-expr","locations":[{"start":{"line":123,"column":38},"end":{"line":123,"column":46}},{"start":{"line":123,"column":49},"end":{"line":123,"column":58}}]},"21":{"loc":{"start":{"line":140,"column":4},"end":{"line":142,"column":5}},"type":"if","locations":[{"start":{"line":140,"column":4},"end":{"line":142,"column":5}},{"start":{},"end":{}}]},"22":{"loc":{"start":{"line":166,"column":6},"end":{"line":168,"column":7}},"type":"if","locations":[{"start":{"line":166,"column":6},"end":{"line":168,"column":7}},{"start":{},"end":{}}]},"23":{"loc":{"start":{"line":202,"column":4},"end":{"line":204,"column":5}},"type":"if","locations":[{"start":{"line":202,"column":4},"end":{"line":204,"column":5}},{"start":{},"end":{}}]},"24":{"loc":{"start":{"line":202,"column":8},"end":{"line":202,"column":56}},"type":"binary-expr","locations":[{"start":{"line":202,"column":8},"end":{"line":202,"column":24}},{"start":{"line":202,"column":28},"end":{"line":202,"column":56}}]},"25":{"loc":{"start":{"line":209,"column":4},"end":{"line":222,"column":5}},"type":"switch","locations":[{"start":{"line":210,"column":6},"end":{"line":211,"column":62}},{"start":{"line":212,"column":6},"end":{"line":213,"column":62}},{"start":{"line":214,"column":6},"end":{"line":215,"column":62}},{"start":{"line":216,"column":6},"end":{"line":217,"column":62}},{"start":{"line":218,"column":6},"end":{"line":219,"column":62}},{"start":{"line":220,"column":6},"end":{"line":221,"column":20}}]}},"s":{"0":1,"1":1,"2":27,"3":27,"4":2048,"5":2048,"6":2048,"7":2048,"8":2048,"9":14,"10":14,"11":14,"12":1,"13":14,"14":1,"15":14,"16":1,"17":14,"18":0,"19":14,"20":14,"21":1,"22":14,"23":1,"24":13,"25":13,"26":0,"27":14,"28":1,"29":14,"30":1,"31":14,"32":2,"33":1,"34":14,"35":2,"36":14,"37":14,"38":1,"39":14,"40":9,"41":4,"42":4,"43":1,"44":3,"45":3,"46":3,"47":7,"48":7,"49":3,"50":7,"51":7,"52":7,"53":7,"54":3,"55":7,"56":7,"57":7,"58":7,"59":3,"60":5,"61":2,"62":21,"63":7,"64":3,"65":4,"66":7,"67":3,"68":4,"69":0,"70":0,"71":0,"72":0,"73":1},"f":{"0":27,"1":2048,"2":14,"3":9,"4":4,"5":7,"6":7,"7":7,"8":5,"9":2,"10":21,"11":7,"12":7},"b":{"0":[0],"1":[0],"2":[1,13],"3":[1,13],"4":[14,13],"5":[1,13],"6":[14,13],"7":[0,14],"8":[1,13],"9":[1,13],"10":[0,13],"11":[1,13],"12":[1,13],"13":[2,12],"14":[1,1],"15":[2,2],"16":[2,12],"17":[14,4],"18":[1,13],"19":[2,12],"20":[4,10],"21":[1,3],"22":[7,0],"23":[3,4],"24":[7,3],"25":[3,4,0,0,0,0]}}
,"/home/runner/work/wave-toolkit/wave-toolkit/src/integrations/ATOMIntegration.ts": {"path":"/home/runner/work/wave-toolkit/wave-toolkit/src/integrations/ATOMIntegration.ts","statementMap":{"0":{"start":{"line":22,"column":4},"end":{"line":22,"column":27}},"1":{"start":{"line":29,"column":29},"end":{"line":36,"column":6}},"2":{"start":{"line":40,"column":15},"end":{"line":40,"column":28}},"3":{"start":{"line":41,"column":17},"end":{"line":41,"column":32}},"4":{"start":{"line":43,"column":4},"end":{"line":43,"column":63}},"5":{"start":{"line":45,"column":21},"end":{"line":45,"column":78}},"6":{"start":{"line":46,"column":17},"end":{"line":46,"column":45}},"7":{"start":{"line":47,"column":4},"end":{"line":47,"column":58}},"8":{"start":{"line":54,"column":15},"end":{"line":54,"column":28}},"9":{"start":{"line":55,"column":17},"end":{"line":55,"column":32}},"10":{"start":{"line":57,"column":21},"end":{"line":57,"column":71}},"11":{"start":{"line":59,"column":4},"end":{"line":68,"column":5}},"12":{"start":{"line":60,"column":22},"end":{"line":60,"column":67}},"13":{"start":{"line":61,"column":20},"end":{"line":61,"column":88}},"14":{"start":{"line":61,"column":72},"end":{"line":61,"column":87}},"15":{"start":{"line":62,"column":6},"end":{"line":62,"column":72}},"16":{"start":{"line":62,"column":41},"end":{"line":62,"column":70}},"17":{"start":{"line":64,"column":6},"end":{"line":66,"column":7}},"18":{"start":{"line":65,"column":8},"end":{"line":65,"column":18}},"19":{"start":{"line":67,"column":6},"end":{"line":67,"column":18}},"20":{"start":{"line":18,"column":0},"end":{"line":18,"column":13}}},"fnMap":{"0":{"name":"(anonymous_0)","decl":{"start":{"line":21,"column":2},"end":{"line":21,"column":14}},"loc":{"start":{"line":21,"column":50},"end":{"line":23,"column":3}}},"1":{"name":"(anonymous_1)","decl":{"start":{"line":28,"column":2},"end":{"line":28,"column":7}},"loc":{"start":{"line":28,"column":42},"end":{"line":48,"column":3}}},"2":{"name":"(anonymous_2)","decl":{"start":{"line":53,"column":2},"end":{"line":53,"column":7}},"loc":{"start":{"line":53,"column":36},"end":{"line":69,"column":3}}},"3":{"name":"(anonymous_3)","decl":{"start":{"line":61,"column":54},"end":{"line":61,"column":55}},"loc":{"start":{"line":61,"column":72},"end":{"line":61,"column":87}}},"4":{"name":"(anonymous_4)","decl":{"start":{"line":62,"column":23},"end":{"line":62,"column":24}},"loc":{"start":{"line":62,"column":41},"end":{"line":62,"column":70}}}},"branchMap":{"0":{"loc":{"start":{"line":21,"column":14},"end":{"line":21,"column":50}},"type":"default-arg","locations":[{"start":{"line":21,"column":32},"end":{"line":21,"column":50}}]},"1":{"loc":{"start":{"line":32,"column":31},"end":{"line":32,"column":61}},"type":"binary-expr","locations":[{"start":{"line":32,"column":31},"end":{"line":32,"column":52}},{"start":{"line":32,"column":56},"end":{"line":32,"column":61}}]},"2":{"loc":{"start":{"line":64,"column":6},"end":{"line":66,"column":7}},"type":"if","locations":[{"start":{"line":64,"column":6},"end":{"line":66,"column":7}},{"start":{},"end":{}}]}},"s":{"0":32,"1":2052,"2":2052,"3":2052,"4":2052,"5":2052,"6":2052,"7":2052,"8":3,"9":3,"10":3,"11":3,"12":3,"13":1,"14":2,"15":1,"16":2,"17":2,"18":1,"19":1,"20":2},"f":{"0":32,"1":2052,"2":3,"3":2,"4":2},"b":{"0":[0],"1":[2052,2038],"2":[1,1]}}
,"/home/runner/work/wave-toolkit/wave-toolkit/src/storage/HandoffStorage.ts": {"path":"/home/runner/work/wave-toolkit/wave-toolkit/src/storage/HandoffStorage.ts","statementMap":{"0":{"start":{"line":1,"column":0},"end":{"line":1,"column":25}},"1":{"start":{"line":2,"column":0},"end":{"line":2,"column":29}},"2":{"start":{"line":13,"column":4},"end":{"line":13,"column":27}},"3":{"start":{"line":20,"column":4},"end":{"line":20,"column":63}},"4":{"start":{"line":27,"column":4},"end":{"line":27,"column":57}},"5":{"start":{"line":34,"column":4},"end":{"line":34,"column":28}},"6":{"start":{"line":35,"column":21},"end":{"line":35,"column":58}},"7":{"start":{"line":36,"column":17},"end":{"line":36,"column":46}},"8":{"start":{"line":37,"column":4},"end":{"line":37,"column":58}},"9":{"start":{"line":44,"column":21},"end":{"line":44,"column":51}},"10":{"start":{"line":46,"column":4},"end":{"line":55,"column":5}},"11":{"start":{"line":47,"column":22},"end":{"line":47,"column":67}},"12":{"start":{"line":48,"column":20},"end":{"line":48,"column":78}},"13":{"start":{"line":48,"column":62},"end":{"line":48,"column":77}},"14":{"start":{"line":49,"column":6},"end":{"line":49,"column":68}},"15":{"start":{"line":49,"column":31},"end":{"line":49,"column":66}},"16":{"start":{"line":51,"column":6},"end":{"line":53,"column":7}},"17":{"start":{"line":52,"column":8},"end":{"line":52,"column":18}},"18":{"start":{"line":54,"column":6},"end":{"line":54,"column":18}},"19":{"start":{"line":62,"column":4},"end":{"line":62,"column":28}},"20":{"start":{"line":64,"column":18},"end":{"line":64,"column":57}},"21":{"start":{"line":66,"column":4},"end":{"line":79,"column":5}},"22":{"start":{"line":67,"column":6},"end":{"line":67,"column":45}},"23":{"start":{"line":67,"column":36},"end":{"line":67,"column":45}},"24":{"start":{"line":69,"column":23},"end":{"line":69,"column":52}},"25":{"start":{"line":70,"column":22},"end":{"line":70,"column":67}},"26":{"start":{"line":71,"column":20},"end":{"line":71,"column":78}},"27":{"start":{"line":71,"column":62},"end":{"line":71,"column":77}},"28":{"start":{"line":73,"column":6},"end":{"line":78,"column":7}},"29":{"start":{"line":74,"column":23},"end":{"line":74,"column":58}},"30":{"start":{"line":75,"column":8},"end":{"line":77,"column":9}},"31":{"start":{"line":76,"column":10},"end":{"line":76,"column":24}},"32":{"start":{"line":81,"column":4},"end":{"line":81,"column":16}},"33":{"start":{"line":95,"column":4},"end":{"line":95,"column":28}},"34":{"start":{"line":97,"column":37},"end":{"line":97,"column":39}},"35":{"start":{"line":99,"column":4},"end":{"line":110,"column":5}},"36":{"start":{"line":100,"column":6},"end":{"line":100,"column":59}},"37":{"start":{"line":103,"column":20},"end":{"line":103,"column":59}},"38":{"start":{"line":104,"column":6},"end":{"line":109,"column":7}},"39":{"start":{"line":105,"column":8},"end":{"line":105,"column":47}},"40":{"start":{"line":105,"column":38},"end":{"line":105,"column":47}},"41":{"start":{"line":106,"column":26},"end":{"line":106,"column":52}},"42":{"start":{"line":107,"column":31},"end":{"line":107,"column":64}},"43":{"start":{"line":108,"column":8},"end":{"line":108,"column":40}},"44":{"start":{"line":113,"column":4},"end":{"line":120,"column":7}},"45":{"start":{"line":114,"column":6},"end":{"line":114,"column":86}},"46":{"start":{"line":114,"column":73},"end":{"line":114,"column":86}},"47":{"start":{"line":115,"column":6},"end":{"line":115,"column":80}},"48":{"start":{"line":115,"column":67},"end":{"line":115,"column":80}},"49":{"start":{"line":116,"column":6},"end":{"line":116,"column":74}},"50":{"start":{"line":116,"column":61},"end":{"line":116,"column":74}},"51":{"start":{"line":117,"column":6},"end":{"line":117,"column":94}},"52":{"start":{"line":117,"column":81},"end":{"line":117,"column":94}},"53":{"start":{"line":118,"column":6},"end":{"line":118,"column":90}},"54":{"start":{"line":118,"column":77},"end":{"line":118,"column":90}},"55":{"start":{"line":119,"column":6},"end":{"line":119,"column":18}},"56":{"start":{"line":127,"column":4},"end":{"line":127,"column":28}},"57":{"start":{"line":129,"column":4},"end":{"line":136,"column":5}},"58":{"start":{"line":130,"column":20},"end":{"line":130,"column":59}},"59":{"start":{"line":131,"column":6},"end":{"line":133,"column":49}},"60":{"start":{"line":132,"column":24},"end":{"line":132,"column":47}},"61":{"start":{"line":133,"column":21},"end":{"line":133,"column":47}},"62":{"start":{"line":135,"column":6},"end":{"line":135,"column":16}},"63":{"start":{"line":9,"column":0},"end":{"line":9,"column":13}}},"fnMap":{"0":{"name":"(anonymous_9)","decl":{"start":{"line":12,"column":2},"end":{"line":12,"column":14}},"loc":{"start":{"line":12,"column":48},"end":{"line":14,"column":3}}},"1":{"name":"(anonymous_10)","decl":{"start":{"line":19,"column":2},"end":{"line":19,"column":7}},"loc":{"start":{"line":19,"column":18},"end":{"line":21,"column":3}}},"2":{"name":"(anonymous_11)","decl":{"start":{"line":26,"column":10},"end":{"line":26,"column":24}},"loc":{"start":{"line":26,"column":42},"end":{"line":28,"column":3}}},"3":{"name":"(anonymous_12)","decl":{"start":{"line":33,"column":2},"end":{"line":33,"column":7}},"loc":{"start":{"line":33,"column":42},"end":{"line":38,"column":3}}},"4":{"name":"(anonymous_13)","decl":{"start":{"line":43,"column":2},"end":{"line":43,"column":7}},"loc":{"start":{"line":43,"column":37},"end":{"line":56,"column":3}}},"5":{"name":"(anonymous_14)","decl":{"start":{"line":48,"column":54},"end":{"line":48,"column":58}},"loc":{"start":{"line":48,"column":62},"end":{"line":48,"column":77}}},"6":{"name":"(anonymous_15)","decl":{"start":{"line":49,"column":23},"end":{"line":49,"column":27}},"loc":{"start":{"line":49,"column":31},"end":{"line":49,"column":66}}},"7":{"name":"(anonymous_16)","decl":{"start":{"line":61,"column":2},"end":{"line":61,"column":7}},"loc":{"start":{"line":61,"column":39},"end":{"line":82,"column":3}}},"8":{"name":"(anonymous_17)","decl":{"start":{"line":71,"column":54},"end":{"line":71,"column":58}},"loc":{"start":{"line":71,"column":62},"end":{"line":71,"column":77}}},"9":{"name":"(anonymous_18)","decl":{"start":{"line":87,"column":2},"end":{"line":87,"column":7}},"loc":{"start":{"line":94,"column":3},"end":{"line":121,"column":3}}},"10":{"name":"(anonymous_19)","decl":{"start":{"line":113,"column":26},"end":{"line":113,"column":32}},"loc":{"start":{"line":113,"column":35},"end":{"line":120,"column":5}}},"11":{"name":"(anonymous_20)","decl":{"start":{"line":126,"column":2},"end":{"line":126,"column":7}},"loc":{"start":{"line":126,"column":22},"end":{"line":137,"column":3}}},"12":{"name":"(anonymous_21)","decl":{"start":{"line":132,"column":16},"end":{"line":132,"column":20}},"loc":{"start":{"line":132,"column":24},"end":{"line":132,"column":47}}},"13":{"name":"(anonymous_22)","decl":{"start":{"line":133,"column":13},"end":{"line":133,"column":17}},"loc":{"start":{"line":133,"column":21},"end":{"line":133,"column":47}}}},"branchMap":{"0":{"loc":{"start":{"line":12,"column":14},"end":{"line":12,"column":48}},"type":"default-arg","locations":[{"start":{"line":12,"column":32},"end":{"line":12,"column":48}}]},"1":{"loc":{"start":{"line":51,"column":6},"end":{"line":53,"column":7}},"type":"if","locations":[{"start":{"line":51,"column":6},"end":{"line":53,"column":7}},{"start":{},"end":{}}]},"2":{"loc":{"start":{"line":67,"column":6},"end":{"line":67,"column":45}},"type":"if","locations":[{"start":{"line":67,"column":6},"end":{"line":67,"column":45}},{"start":{},"end":{}}]},"3":{"loc":{"start":{"line":75,"column":8},"end":{"line":77,"column":9}},"type":"if","locations":[{"start":{"line":75,"column":8},"end":{"line":77,"column":9}},{"start":{},"end":{}}]},"4":{"loc":{"start":{"line":99,"column":4},"end":{"line":110,"column":5}},"type":"if","locations":[{"start":{"line":99,"column":4},"end":{"line":110,"column":5}},{"start":{"line":101,"column":11},"end":{"line":110,"column":5}}]},"5":{"loc":{"start":{"line":105,"column":8},"end":{"line":105,"column":47}},"type":"if","locations":[{"start":{"line":105,"column":8},"end":{"line":105,"column":47}},{"start":{},"end":{}}]},"6":{"loc":{"start":{"line":114,"column":6},"end":{"line":114,"column":86}},"type":"if","locations":[{"start":{"line":114,"column":6},"end":{"line":114,"column":86}},{"start":{},"end":{}}]},"7":{"loc":{"start":{"line":114,"column":10},"end":{"line":114,"column":71}},"type":"binary-expr","locations":[{"start":{"line":114,"column":10},"end":{"line":114,"column":28}},{"start":{"line":114,"column":32},"end":{"line":114,"column":71}}]},"8":{"loc":{"start":{"line":115,"column":6},"end":{"line":115,"column":80}},"type":"if","locations":[{"start":{"line":115,"column":6},"end":{"line":115,"column":80}},{"start":{},"end":{}}]},"9":{"loc":{"start":{"line":115,"column":10},"end":{"line":115,"column":65}},"type":"binary-expr","locations":[{"start":{"line":115,"column":10},"end":{"line":115,"column":26}},{"start":{"line":115,"column":30},"end":{"line":115,"column":65}}]},"10":{"loc":{"start":{"line":116,"column":6},"end":{"line":116,"column":74}},"type":"if","locations":[{"start":{"line":116,"column":6},"end":{"line":116,"column":74}},{"start":{},"end":{}}]},"11":{"loc":{"start":{"line":116,"column":10},"end":{"line":116,"column":59}},"type":"binary-expr","locations":[{"start":{"line":116,"column":10},"end":{"line":116,"column":24}},{"start":{"line":116,"column":28},"end":{"line":116,"column":59}}]},"12":{"loc":{"start":{"line":117,"column":6},"end":{"line":117,"column":94}},"type":"if","locations":[{"start":{"line":117,"column":6},"end":{"line":117,"column":94}},{"start":{},"end":{}}]},"13":{"loc":{"start":{"line":117,"column":10},"end":{"line":117,"column":79}},"type":"binary-expr","locations":[{"start":{"line":117,"column":10},"end":{"line":117,"column":28}},{"start":{"line":117,"column":32},"end":{"line":117,"column":79}}]},"14":{"loc":{"start":{"line":118,"column":6},"end":{"line":118,"column":90}},"type":"if","locations":[{"start":{"line":118,"column":6},"end":{"line":118,"column":90}},{"start":{},"end":{}}]},"15":{"loc":{"start":{"line":118,"column":10},"end":{"line":118,"column":75}},"type":"binary-expr","locations":[{"start":{"line":118,"column":10},"end":{"line":118,"column":26}},{"start":{"line":118,"column":30},"end":{"line":118,"column":75}}]}},"s":{"0":1,"1":1,"2":27,"3":2069,"4":2065,"5":2048,"6":2048,"7":2048,"8":2048,"9":17,"10":17,"11":17,"12":15,"13":1032,"14":15,"15":1032,"16":2,"17":2,"18":0,"19":14,"20":14,"21":14,"22":13,"23":0,"24":13,"25":13,"26":13,"27":29,"28":13,"29":26,"30":26,"31":13,"32":1,"33":5,"34":5,"35":5,"36":2,"37":3,"38":3,"39":6,"40":0,"41":6,"42":6,"43":6,"44":5,"45":18,"46":4,"47":14,"48":2,"49":12,"50":3,"51":9,"52":0,"53":9,"54":0,"55":9,"56":2,"57":2,"58":2,"59":2,"60":3,"61":3,"62":0,"63":1},"f":{"0":27,"1":2069,"2":2065,"3":2048,"4":17,"5":1032,"6":1032,"7":14,"8":29,"9":5,"10":18,"11":2,"12":3,"13":3},"b":{"0":[0],"1":[2,0],"2":[0,13],"3":[13,13],"4":[2,3],"5":[0,6],"6":[4,14],"7":[18,7],"8":[2,12],"9":[14,4],"10":[3,9],"11":[12,4],"12":[0,9],"13":[9,0],"14":[0,9],"15":[9,0]}}
}
