TN:
SF:src/handshake/protocol.ts
FN:13,(anonymous_0)
FN:24,(anonymous_1)
FN:59,(anonymous_2)
FN:130,(anonymous_3)
FN:137,(anonymous_4)
FN:148,(anonymous_5)
FN:154,(anonymous_6)
FN:163,(anonymous_7)
FN:177,(anonymous_8)
FN:191,(anonymous_9)
FN:197,(anonymous_10)
FN:201,(anonymous_11)
FN:208,(anonymous_12)
FNF:13
FNH:13
FNDA:27,(anonymous_0)
FNDA:2048,(anonymous_1)
FNDA:14,(anonymous_2)
FNDA:9,(anonymous_3)
FNDA:4,(anonymous_4)
FNDA:7,(anonymous_5)
FNDA:7,(anonymous_6)
FNDA:7,(anonymous_7)
FNDA:5,(anonymous_8)
FNDA:2,(anonymous_9)
FNDA:21,(anonymous_10)
FNDA:7,(anonymous_11)
FNDA:7,(anonymous_12)
DA:3,1
DA:4,1
DA:9,1
DA:17,27
DA:18,27
DA:33,2048
DA:35,2048
DA:48,2048
DA:51,2048
DA:53,2048
DA:60,14
DA:61,14
DA:64,14
DA:65,1
DA:68,14
DA:69,1
DA:72,14
DA:73,1
DA:76,14
DA:77,0
DA:79,14
DA:80,14
DA:81,1
DA:85,14
DA:86,1
DA:89,13
DA:90,13
DA:91,0
DA:95,14
DA:96,1
DA:99,14
DA:100,1
DA:104,14
DA:105,2
DA:106,1
DA:110,14
DA:111,2
DA:115,14
DA:116,14
DA:117,1
DA:120,14
DA:131,9
DA:138,4
DA:140,4
DA:141,1
DA:144,3
DA:147,3
DA:148,3
DA:149,7
DA:150,7
DA:154,3
DA:155,7
DA:156,7
DA:157,7
DA:159,7
DA:163,3
DA:164,7
DA:165,7
DA:166,7
DA:167,7
DA:171,3
DA:185,5
DA:192,2
DA:198,21
DA:202,7
DA:203,3
DA:205,4
DA:209,7
DA:211,3
DA:213,4
DA:215,0
DA:217,0
DA:219,0
DA:221,0
LF:74
LH:68
BRDA:14,0,0,0
BRDA:15,1,0,0
BRDA:64,2,0,1
BRDA:64,2,1,13
BRDA:68,3,0,1
BRDA:68,3,1,13
BRDA:68,4,0,14
BRDA:68,4,1,13
BRDA:72,5,0,1
BRDA:72,5,1,13
BRDA:72,6,0,14
BRDA:72,6,1,13
BRDA:76,7,0,0
BRDA:76,7,1,14
BRDA:80,8,0,1
BRDA:80,8,1,13
BRDA:85,9,0,1
BRDA:85,9,1,13
BRDA:90,10,0,0
BRDA:90,10,1,13
BRDA:95,11,0,1
BRDA:95,11,1,13
BRDA:99,12,0,1
BRDA:99,12,1,13
BRDA:104,13,0,2
BRDA:104,13,1,12
BRDA:105,14,0,1
BRDA:105,14,1,1
BRDA:105,15,0,2
BRDA:105,15,1,2
BRDA:110,16,0,2
BRDA:110,16,1,12
BRDA:110,17,0,14
BRDA:110,17,1,4
BRDA:116,18,0,1
BRDA:116,18,1,13
BRDA:122,19,0,2
BRDA:122,19,1,12
BRDA:123,20,0,4
BRDA:123,20,1,10
BRDA:140,21,0,1
BRDA:140,21,1,3
BRDA:166,22,0,7
BRDA:166,22,1,0
BRDA:202,23,0,3
BRDA:202,23,1,4
BRDA:202,24,0,7
BRDA:202,24,1,3
BRDA:209,25,0,3
BRDA:209,25,1,4
BRDA:209,25,2,0
BRDA:209,25,3,0
BRDA:209,25,4,0
BRDA:209,25,5,0
BRF:54
BRH:45
end_of_record
TN:
SF:src/integrations/ATOMIntegration.ts
FN:21,(anonymous_0)
FN:28,(anonymous_1)
FN:53,(anonymous_2)
FN:61,(anonymous_3)
FN:62,(anonymous_4)
FNF:5
FNH:5
FNDA:32,(anonymous_0)
FNDA:2052,(anonymous_1)
FNDA:3,(anonymous_2)
FNDA:2,(anonymous_3)
FNDA:2,(anonymous_4)
DA:18,2
DA:22,32
DA:29,2052
DA:40,2052
DA:41,2052
DA:43,2052
DA:45,2052
DA:46,2052
DA:47,2052
DA:54,3
DA:55,3
DA:57,3
DA:59,3
DA:60,3
DA:61,2
DA:62,2
DA:64,2
DA:65,1
DA:67,1
LF:19
LH:19
BRDA:21,0,0,0
BRDA:32,1,0,2052
BRDA:32,1,1,2038
BRDA:64,2,0,1
BRDA:64,2,1,1
BRF:5
BRH:4
end_of_record
TN:
SF:src/storage/HandoffStorage.ts
FN:12,(anonymous_9)
FN:19,(anonymous_10)
FN:26,(anonymous_11)
FN:33,(anonymous_12)
FN:43,(anonymous_13)
FN:48,(anonymous_14)
FN:49,(anonymous_15)
FN:61,(anonymous_16)
FN:71,(anonymous_17)
FN:87,(anonymous_18)
FN:113,(anonymous_19)
FN:126,(anonymous_20)
FN:132,(anonymous_21)
FN:133,(anonymous_22)
FNF:14
FNH:14
FNDA:27,(anonymous_9)
FNDA:2069,(anonymous_10)
FNDA:2065,(anonymous_11)
FNDA:2048,(anonymous_12)
FNDA:17,(anonymous_13)
FNDA:1032,(anonymous_14)
FNDA:1032,(anonymous_15)
FNDA:14,(anonymous_16)
FNDA:29,(anonymous_17)
FNDA:5,(anonymous_18)
FNDA:18,(anonymous_19)
FNDA:2,(anonymous_20)
FNDA:3,(anonymous_21)
FNDA:3,(anonymous_22)
DA:1,1
DA:2,1
DA:9,1
DA:13,27
DA:20,2069
DA:27,2065
DA:34,2048
DA:35,2048
DA:36,2048
DA:37,2048
DA:44,17
DA:46,17
DA:47,17
DA:48,1032
DA:49,1032
DA:51,2
DA:52,2
DA:54,0
DA:62,14
DA:64,14
DA:66,14
DA:67,13
DA:69,13
DA:70,13
DA:71,29
DA:73,13
DA:74,26
DA:75,26
DA:76,13
DA:81,1
DA:95,5
DA:97,5
DA:99,5
DA:100,2
DA:103,3
DA:104,3
DA:105,6
DA:106,6
DA:107,6
DA:108,6
DA:113,5
DA:114,18
DA:115,14
DA:116,12
DA:117,9
DA:118,9
DA:119,9
DA:127,2
DA:129,2
DA:130,2
DA:131,2
DA:132,3
DA:133,3
DA:135,0
LF:54
LH:52
BRDA:12,0,0,0
BRDA:51,1,0,2
BRDA:51,1,1,0
BRDA:67,2,0,0
BRDA:67,2,1,13
BRDA:75,3,0,13
BRDA:75,3,1,13
BRDA:99,4,0,2
BRDA:99,4,1,3
BRDA:105,5,0,0
BRDA:105,5,1,6
BRDA:114,6,0,4
BRDA:114,6,1,14
BRDA:114,7,0,18
BRDA:114,7,1,7
BRDA:115,8,0,2
BRDA:115,8,1,12
BRDA:115,9,0,14
BRDA:115,9,1,4
BRDA:116,10,0,3
BRDA:116,10,1,9
BRDA:116,11,0,12
BRDA:116,11,1,4
BRDA:117,12,0,0
BRDA:117,12,1,9
BRDA:117,13,0,9
BRDA:117,13,1,0
BRDA:118,14,0,0
BRDA:118,14,1,9
BRDA:118,15,0,9
BRDA:118,15,1,0
BRF:31
BRH:23
end_of_record
